<?xml version="1.0" encoding="UTF-8"?>
<coverage generated="1615409101028" clover="3.2.0">
  <project timestamp="1615409101028" name="All files">
    <metrics statements="4" coveredstatements="4" conditionals="6" coveredconditionals="5" methods="2" coveredmethods="2" elements="12" coveredelements="11" complexity="0" loc="4" ncloc="4" packages="1" files="1" classes="1"/>
    <file name="game.js" path="C:\Users\nikit\Desktop\netology\unitTests\task_1\ajs_4_2\js\game.js">
      <metrics statements="4" coveredstatements="4" conditionals="6" coveredconditionals="5" methods="2" coveredmethods="2"/>
      <line num="2" count="5" type="stmt"/>
      <line num="3" count="17" type="cond" truecount="2" falsecount="0"/>
      <line num="4" count="10" type="cond" truecount="2" falsecount="0"/>
      <line num="5" count="5" type="cond" truecount="1" falsecount="1"/>
    </file>
  </project>
</coverage>
