{"C:\\Users\\nikit\\Desktop\\netology\\unitTests\\task_1\\ajs_4_2\\js\\game.js": {"path":"C:\\Users\\nikit\\Desktop\\netology\\unitTests\\task_1\\ajs_4_2\\js\\game.js","statementMap":{"0":{"start":{"line":2,"column":4},"end":{"line":6,"column":6}},"1":{"start":{"line":3,"column":8},"end":{"line":3,"column":43}},"2":{"start":{"line":3,"column":33},"end":{"line":3,"column":43}},"3":{"start":{"line":4,"column":8},"end":{"line":4,"column":43}},"4":{"start":{"line":4,"column":34},"end":{"line":4,"column":43}},"5":{"start":{"line":5,"column":8},"end":{"line":5,"column":42}},"6":{"start":{"line":5,"column":33},"end":{"line":5,"column":42}}},"fnMap":{"0":{"name":"sortHeroes","decl":{"start":{"line":1,"column":24},"end":{"line":1,"column":34}},"loc":{"start":{"line":1,"column":43},"end":{"line":7,"column":1}},"line":1},"1":{"name":"(anonymous_1)","decl":{"start":{"line":2,"column":23},"end":{"line":2,"column":24}},"loc":{"start":{"line":2,"column":31},"end":{"line":6,"column":5}},"line":2}},"branchMap":{"0":{"loc":{"start":{"line":3,"column":8},"end":{"line":3,"column":43}},"type":"if","locations":[{"start":{"line":3,"column":8},"end":{"line":3,"column":43}},{"start":{"line":3,"column":8},"end":{"line":3,"column":43}}],"line":3},"1":{"loc":{"start":{"line":4,"column":8},"end":{"line":4,"column":43}},"type":"if","locations":[{"start":{"line":4,"column":8},"end":{"line":4,"column":43}},{"start":{"line":4,"column":8},"end":{"line":4,"column":43}}],"line":4},"2":{"loc":{"start":{"line":5,"column":8},"end":{"line":5,"column":42}},"type":"if","locations":[{"start":{"line":5,"column":8},"end":{"line":5,"column":42}},{"start":{"line":5,"column":8},"end":{"line":5,"column":42}}],"line":5}},"s":{"0":5,"1":17,"2":7,"3":10,"4":5,"5":5,"6":5},"f":{"0":5,"1":17},"b":{"0":[7,10],"1":[5,5],"2":[5,0]},"_coverageSchema":"1a1c01bbd47fc00a2c39e90264f33305004495a9","hash":"f8c0bfcd01704d9c19474767a482b6b14fafe314"}
}
